{
"contracts/BasicNFT.sol":{"l":{"12":3,"16":2,"17":2,"18":2,"24":1,"28":2},"path":"/home/mohdziyadc/hardhat/hardhat-nft/contracts/BasicNFT.sol","s":{"1":2,"2":2,"3":1,"4":2},"b":{},"f":{"1":3,"2":2,"3":1,"4":2},"fnMap":{"1":{"name":"constructor","line":11,"loc":{"start":{"line":11,"column":4},"end":{"line":13,"column":4}}},"2":{"name":"mintNft","line":15,"loc":{"start":{"line":15,"column":4},"end":{"line":19,"column":4}}},"3":{"name":"tokenURI","line":21,"loc":{"start":{"line":21,"column":4},"end":{"line":25,"column":4}}},"4":{"name":"getTokenCounter","line":27,"loc":{"start":{"line":27,"column":4},"end":{"line":29,"column":4}}}},"statementMap":{"1":{"start":{"line":16,"column":8},"end":{"line":16,"column":44}},"2":{"start":{"line":18,"column":8},"end":{"line":18,"column":29}},"3":{"start":{"line":24,"column":8},"end":{"line":24,"column":24}},"4":{"start":{"line":28,"column":8},"end":{"line":28,"column":29}}},"branchMap":{}},
"contracts/RandomIpfsNft.sol":{"l":{"49":3,"50":3,"51":3,"52":3,"53":3,"54":3,"55":3,"59":4,"60":1,"62":3,"70":3,"71":3,"75":0,"76":0,"77":0,"78":0,"92":0,"93":0,"94":0,"95":0,"97":0,"98":0,"99":0,"101":0,"107":0,"108":0,"116":0,"117":0,"120":0,"122":0,"124":0,"133":3,"134":0,"136":3,"137":3,"141":0,"145":5,"149":1,"153":1,"157":1},"path":"/home/mohdziyadc/hardhat/hardhat-nft/contracts/RandomIpfsNft.sol","s":{"1":3,"2":4,"3":3,"4":0,"5":0,"6":0,"7":0,"8":0,"9":0,"10":0,"11":0,"12":0,"13":0,"14":0,"15":0,"16":0,"17":0,"18":0,"19":3,"20":0,"21":5,"22":1,"23":1,"24":1},"b":{"1":[1,3],"2":[0,1],"3":[0,0],"4":[0,0],"5":[0,3]},"f":{"1":3,"2":4,"3":0,"4":0,"5":0,"6":3,"7":0,"8":5,"9":1,"10":1,"11":1},"fnMap":{"1":{"name":"constructor","line":48,"loc":{"start":{"line":41,"column":4},"end":{"line":56,"column":4}}},"2":{"name":"requestNft","line":58,"loc":{"start":{"line":58,"column":4},"end":{"line":72,"column":4}}},"3":{"name":"withdraw","line":74,"loc":{"start":{"line":74,"column":4},"end":{"line":80,"column":4}}},"4":{"name":"fulfillRandomWords","line":82,"loc":{"start":{"line":82,"column":4},"end":{"line":102,"column":4}}},"5":{"name":"getBreedFromModdedRng","line":104,"loc":{"start":{"line":104,"column":4},"end":{"line":125,"column":4}}},"6":{"name":"_intialize","line":132,"loc":{"start":{"line":132,"column":4},"end":{"line":138,"column":4}}},"7":{"name":"getChanceArray","line":140,"loc":{"start":{"line":140,"column":4},"end":{"line":142,"column":4}}},"8":{"name":"getMintFee","line":144,"loc":{"start":{"line":144,"column":4},"end":{"line":146,"column":4}}},"9":{"name":"getDogTokenUri","line":148,"loc":{"start":{"line":148,"column":4},"end":{"line":150,"column":4}}},"10":{"name":"getTokenCounter","line":152,"loc":{"start":{"line":152,"column":4},"end":{"line":154,"column":4}}},"11":{"name":"getTokenUrisIntialized","line":156,"loc":{"start":{"line":156,"column":4},"end":{"line":158,"column":4}}}},"statementMap":{"1":{"start":{"line":53,"column":8},"end":{"line":53,"column":28}},"2":{"start":{"line":59,"column":8},"end":{"line":59,"column":2088}},"3":{"start":{"line":71,"column":8},"end":{"line":71,"column":48}},"4":{"start":{"line":75,"column":8},"end":{"line":75,"column":46}},"5":{"start":{"line":76,"column":8},"end":{"line":76,"column":70}},"6":{"start":{"line":77,"column":8},"end":{"line":77,"column":2691}},"7":{"start":{"line":92,"column":8},"end":{"line":92,"column":57}},"8":{"start":{"line":93,"column":8},"end":{"line":93,"column":43}},"9":{"start":{"line":95,"column":8},"end":{"line":95,"column":61}},"10":{"start":{"line":97,"column":8},"end":{"line":97,"column":57}},"11":{"start":{"line":98,"column":8},"end":{"line":98,"column":38}},"12":{"start":{"line":99,"column":8},"end":{"line":99,"column":63}},"13":{"start":{"line":101,"column":8},"end":{"line":101,"column":42}},"14":{"start":{"line":107,"column":8},"end":{"line":107,"column":28}},"15":{"start":{"line":108,"column":8},"end":{"line":108,"column":56}},"16":{"start":{"line":116,"column":8},"end":{"line":116,"column":4029}},"17":{"start":{"line":117,"column":12},"end":{"line":117,"column":4096}},"18":{"start":{"line":120,"column":16},"end":{"line":120,"column":31}},"19":{"start":{"line":133,"column":8},"end":{"line":133,"column":4603}},"20":{"start":{"line":141,"column":8},"end":{"line":141,"column":41}},"21":{"start":{"line":145,"column":8},"end":{"line":145,"column":24}},"22":{"start":{"line":149,"column":8},"end":{"line":149,"column":33}},"23":{"start":{"line":153,"column":8},"end":{"line":153,"column":29}},"24":{"start":{"line":157,"column":8},"end":{"line":157,"column":27}}},"branchMap":{"1":{"line":59,"type":"if","locations":[{"start":{"line":59,"column":8},"end":{"line":59,"column":8}},{"start":{"line":59,"column":8},"end":{"line":59,"column":8}}]},"2":{"line":74,"type":"if","locations":[{"start":{"line":74,"column":31},"end":{"line":74,"column":31}},{"start":{"line":74,"column":31},"end":{"line":74,"column":31}}]},"3":{"line":77,"type":"if","locations":[{"start":{"line":77,"column":8},"end":{"line":77,"column":8}},{"start":{"line":77,"column":8},"end":{"line":77,"column":8}}]},"4":{"line":117,"type":"if","locations":[{"start":{"line":117,"column":12},"end":{"line":117,"column":12}},{"start":{"line":117,"column":12},"end":{"line":117,"column":12}}]},"5":{"line":133,"type":"if","locations":[{"start":{"line":133,"column":8},"end":{"line":133,"column":8}},{"start":{"line":133,"column":8},"end":{"line":133,"column":8}}]}}},
"contracts/test/VRFCoordinatorV2Mock.sol":{"l":{},"path":"/home/mohdziyadc/hardhat/hardhat-nft/contracts/test/VRFCoordinatorV2Mock.sol","s":{},"b":{},"f":{},"fnMap":{},"statementMap":{},"branchMap":{}}}
