TN:
SF:/home/mohdziyadc/hardhat/hardhat-nft/contracts/BasicNFT.sol
FN:11,constructor
FN:15,mintNft
FN:21,tokenURI
FN:27,getTokenCounter
FNF:4
FNH:4
FNDA:3,constructor
FNDA:2,mintNft
FNDA:1,tokenURI
FNDA:2,getTokenCounter
DA:12,3
DA:16,2
DA:17,2
DA:18,2
DA:24,1
DA:28,2
LF:6
LH:6
BRF:0
BRH:0
end_of_record
TN:
SF:/home/mohdziyadc/hardhat/hardhat-nft/contracts/RandomIpfsNft.sol
FN:48,constructor
FN:58,requestNft
FN:74,withdraw
FN:82,fulfillRandomWords
FN:104,getBreedFromModdedRng
FN:132,_intialize
FN:140,getChanceArray
FN:144,getMintFee
FN:148,getDogTokenUri
FN:152,getTokenCounter
FN:156,getTokenUrisIntialized
FNF:11
FNH:7
FNDA:3,constructor
FNDA:4,requestNft
FNDA:0,withdraw
FNDA:0,fulfillRandomWords
FNDA:0,getBreedFromModdedRng
FNDA:3,_intialize
FNDA:0,getChanceArray
FNDA:5,getMintFee
FNDA:1,getDogTokenUri
FNDA:1,getTokenCounter
FNDA:1,getTokenUrisIntialized
DA:49,3
DA:50,3
DA:51,3
DA:52,3
DA:53,3
DA:54,3
DA:55,3
DA:59,4
DA:60,1
DA:62,3
DA:70,3
DA:71,3
DA:75,0
DA:76,0
DA:77,0
DA:78,0
DA:92,0
DA:93,0
DA:94,0
DA:95,0
DA:97,0
DA:98,0
DA:99,0
DA:101,0
DA:107,0
DA:108,0
DA:116,0
DA:117,0
DA:120,0
DA:122,0
DA:124,0
DA:133,3
DA:134,0
DA:136,3
DA:137,3
DA:141,0
DA:145,5
DA:149,1
DA:153,1
DA:157,1
LF:40
LH:19
BRDA:59,1,0,1
BRDA:59,1,1,3
BRDA:74,2,0,0
BRDA:74,2,1,1
BRDA:77,3,0,0
BRDA:77,3,1,0
BRDA:117,4,0,0
BRDA:117,4,1,0
BRDA:133,5,0,0
BRDA:133,5,1,3
BRF:10
BRH:4
end_of_record
TN:
SF:/home/mohdziyadc/hardhat/hardhat-nft/contracts/test/VRFCoordinatorV2Mock.sol
FNF:0
FNH:0
LF:0
LH:0
BRF:0
BRH:0
end_of_record
